<?xml version="1.0" encoding="UTF-8"?>
<!-- Generated by org.testng.reporters.JUnitXMLReporter -->
<testsuite ignored="0" hostname="DESKTOP-AQVOTS7" failures="0" tests="8" name="Default test" time="23.025" errors="0" timestamp="2025-01-13T21:38:15 EET">
  <testcase classname="packageone.MyTestCases" name="CheckTheDefultLanguageIsEnglish" time="0.036"/>
  <testcase classname="packageone.MyTestCases" name="CheckTheDefultCurrency" time="0.035"/>
  <testcase classname="packageone.MyTestCases" name="Check_The_Mobile_Number" time="0.045"/>
  <testcase classname="packageone.MyTestCases" name="Check_If_Qitaf_Logo_is_Displaed" time="0.081"/>
  <testcase classname="packageone.MyTestCases" name="Check_Hotel_Tap_Is_Not_Selected" time="0.024"/>
  <testcase classname="packageone.MyTestCases" name="Check_The_Departure_Date" time="0.028"/>
  <testcase classname="packageone.MyTestCases" name="Check_The_Return_Date" time="0.024"/>
  <testcase classname="packageone.MyTestCases" name="Randomly_Change_The_Languages" time="19.648"/>
</testsuite> <!-- Default test -->
