<?xml version="1.0" encoding="UTF-8"?>
<!-- Generated by org.testng.reporters.JUnitReportReporter -->
<testsuite hostname="DESKTOP-AQVOTS7" failures="0" tests="7" name="packageone.MyTestCases" time="0.325" errors="0" timestamp="2025-01-13T10:06:05 EET" skipped="0">
  <testcase classname="packageone.MyTestCases" name="CheckTheDefultLanguageIsEnglish" time="0.063"/>
  <system-out/>
  <testcase classname="packageone.MyTestCases" name="CheckTheDefultCurrency" time="0.048"/>
  <system-out/>
  <testcase classname="packageone.MyTestCases" name="Check_The_Mobile_Number" time="0.040"/>
  <system-out/>
  <testcase classname="packageone.MyTestCases" name="Check_If_Qitaf_Logo_is_Displaed" time="0.087"/>
  <system-out/>
  <testcase classname="packageone.MyTestCases" name="Check_Hotel_Tap_Is_Not_Selected" time="0.028"/>
  <system-out/>
  <testcase classname="packageone.MyTestCases" name="Check_The_Departure_Date" time="0.032"/>
  <system-out/>
  <testcase classname="packageone.MyTestCases" name="Check_The_Return_Date" time="0.027"/>
  <system-out/>
</testsuite> <!-- packageone.MyTestCases -->
