<?xml version="1.0" encoding="UTF-8"?>
<!-- Generated by org.testng.reporters.JUnitReportReporter -->
<testsuite hostname="DESKTOP-AQVOTS7" failures="0" tests="8" name="packageone.MyTestCases" time="21.491" errors="0" timestamp="2025-01-13T15:57:45 EET" skipped="0">
  <testcase classname="packageone.MyTestCases" name="CheckTheDefultLanguageIsEnglish" time="0.124"/>
  <system-out/>
  <testcase classname="packageone.MyTestCases" name="CheckTheDefultCurrency" time="0.126"/>
  <system-out/>
  <testcase classname="packageone.MyTestCases" name="Check_The_Mobile_Number" time="1.235"/>
  <system-out/>
  <testcase classname="packageone.MyTestCases" name="Check_If_Qitaf_Logo_is_Displaed" time="0.556"/>
  <system-out/>
  <testcase classname="packageone.MyTestCases" name="Check_Hotel_Tap_Is_Not_Selected" time="0.126"/>
  <system-out/>
  <testcase classname="packageone.MyTestCases" name="Check_The_Departure_Date" time="0.037"/>
  <system-out/>
  <testcase classname="packageone.MyTestCases" name="Check_The_Return_Date" time="0.028"/>
  <system-out/>
  <testcase classname="packageone.MyTestCases" name="Randomly_Change_The_Languages" time="19.259"/>
  <system-out/>
</testsuite> <!-- packageone.MyTestCases -->
